TLJ_generic_npc.fopro
TLJ_map_mobs.fopro

forp_22primitives.fopro
forp_23cannibals_and_rippers.fopro
forp_24gangs.fopro
forp_25raiders.fopro
forp_26slavers.fopro
forp_27caravans.fopro
forp_28strangers.fopro
forp_29ghouls.fopro
forp_30supermutants.fopro
forp_32modoc_guards.fopro
forp_33fox villa.fopro
forp_34other_human_npc.fopro
forp_35poseydon_npc.fopro
forp_36poseydon_guards.fopro
forp_37lars_gang.fopro
forp_38kastor_clergy.fopro
forp_39sanfran_npc.fopro
forp_40sandbox_npc.fopro
forp_41riverdale_npc.fopro
forp_42perfection_npc.fopro

TLJru_Underground.fopro
